Log Messages
Product  : PlanetaryResourceManager
Timestamp: 2015-05-31 13:11:04

Trace Messages  [Count = 48]
============================
[Trace]  : [31/05/2015 13:11:04][Trace]   Processing item: 44 on thread 11
[Trace]  : [31/05/2015 13:11:05][Trace]   Duration=[00:00:01.3050746] Completed item: 2400 on thread 11
[Trace]  : [31/05/2015 13:11:05][Trace]   Duration=[00:00:00.0010001] Processing item: 2312 on thread 11
[Trace]  : [31/05/2015 13:11:06][Trace]   Duration=[00:00:00.7080405] Completed item: 3779 on thread 11
[Trace]  : [31/05/2015 13:11:06][Trace]   Duration=[00:00:00] Processing item: 2317 on thread 11
[Trace]  : [31/05/2015 13:11:07][Trace]   Duration=[00:00:01.0250586] Completed item: 3683 on thread 11
[Trace]  : [31/05/2015 13:11:07][Trace]   Duration=[00:00:00] Processing item: 2319 on thread 11
[Trace]  : [31/05/2015 13:11:08][Trace]   Duration=[00:00:01.0820619] Completed item: 3645 on thread 11
[Trace]  : [31/05/2015 13:11:08][Trace]   Duration=[00:00:00] Processing item: 2321 on thread 11
[Trace]  : [31/05/2015 13:11:09][Trace]   Duration=[00:00:00.7040403] Completed item: 2397 on thread 11
[Trace]  : [31/05/2015 13:11:09][Trace]   Duration=[00:00:00] Processing item: 2327 on thread 11
[Trace]  : [31/05/2015 13:11:09][Trace]   Duration=[00:00:00.5430310] Completed item: 9828 on thread 11
[Trace]  : [31/05/2015 13:11:09][Trace]   Duration=[00:00:00.0010001] Processing item: 2328 on thread 11
[Trace]  : [31/05/2015 13:11:10][Trace]   Duration=[00:00:00.7030402] Completed item: 3645 on thread 11
[Trace]  : [31/05/2015 13:11:10][Trace]   Duration=[00:00:00] Processing item: 2329 on thread 11
[Trace]  : [31/05/2015 13:11:11][Trace]   Duration=[00:00:00.7100406] Completed item: 2399 on thread 11
[Trace]  : [31/05/2015 13:11:11][Trace]   Duration=[00:00:00] Processing item: 2463 on thread 11
[Trace]  : [31/05/2015 13:11:12][Trace]   Duration=[00:00:01.1940683] Completed item: 2398 on thread 11
[Trace]  : [31/05/2015 13:11:12][Trace]   Duration=[00:00:00] Processing item: 3689 on thread 11
[Trace]  : [31/05/2015 13:11:13][Trace]   Duration=[00:00:01.0310590] Completed item: 2399 on thread 11
[Trace]  : [31/05/2015 13:11:13][Trace]   Duration=[00:00:00] Processing item: 3691 on thread 11
[Trace]  : [31/05/2015 13:11:14][Trace]   Duration=[00:00:00.7020401] Completed item: 3683 on thread 11
[Trace]  : [31/05/2015 13:11:14][Trace]   Duration=[00:00:00] Processing item: 3693 on thread 11
[Trace]  : [31/05/2015 13:11:14][Trace]   Duration=[00:00:00.5420310] Completed item: 2395 on thread 11
[Trace]  : [31/05/2015 13:11:14][Trace]   Duration=[00:00:00] Processing item: 3695 on thread 11
[Trace]  : [31/05/2015 13:11:15][Trace]   Duration=[00:00:00.6980399] Completed item: 2397 on thread 11
[Trace]  : [31/05/2015 13:11:15][Trace]   Duration=[00:00:00] Processing item: 3697 on thread 11
[Trace]  : [31/05/2015 13:11:16][Trace]   Duration=[00:00:01.3610779] Completed item: 9828 on thread 11
[Trace]  : [31/05/2015 13:11:16][Trace]   Duration=[00:00:00] Processing item: 3725 on thread 11
[Trace]  : [31/05/2015 13:11:17][Trace]   Duration=[00:00:01.0420596] Completed item: 2396 on thread 11
[Trace]  : [31/05/2015 13:11:17][Trace]   Duration=[00:00:00.0010001] Processing item: 3775 on thread 11
[Trace]  : [31/05/2015 13:11:18][Trace]   Duration=[00:00:00.8760501] Completed item: 3779 on thread 11
[Trace]  : [31/05/2015 13:11:18][Trace]   Duration=[00:00:00] Processing item: 3828 on thread 11
[Trace]  : [31/05/2015 13:11:19][Trace]   Duration=[00:00:00.8070461] Completed item: 2400 on thread 11
[Trace]  : [31/05/2015 13:11:19][Trace]   Duration=[00:00:00] Processing item: 9830 on thread 11
[Trace]  : [31/05/2015 13:11:19][Trace]   Duration=[00:00:00.5320305] Completed item: 2390 on thread 11
[Trace]  : [31/05/2015 13:11:19][Trace]   Duration=[00:00:00] Processing item: 9832 on thread 11
[Trace]  : [31/05/2015 13:11:21][Trace]   Duration=[00:00:01.0680610] Completed item: 3645 on thread 11
[Trace]  : [31/05/2015 13:11:21][Trace]   Duration=[00:00:00] Processing item: 9836 on thread 11
[Trace]  : [31/05/2015 13:11:21][Trace]   Duration=[00:00:00.7210413] Completed item: 2401 on thread 11
[Trace]  : [31/05/2015 13:11:21][Trace]   Duration=[00:00:00] Processing item: 9838 on thread 11
[Trace]  : [31/05/2015 13:11:22][Trace]   Duration=[00:00:00.7050403] Completed item: 3645 on thread 11
[Trace]  : [31/05/2015 13:11:22][Trace]   Duration=[00:00:00] Processing item: 9840 on thread 11
[Trace]  : [31/05/2015 13:11:23][Trace]   Duration=[00:00:00.5420310] Completed item: 2401 on thread 11
[Trace]  : [31/05/2015 13:11:23][Trace]   Duration=[00:00:00] Processing item: 9842 on thread 11
[Trace]  : [31/05/2015 13:11:23][Trace]   Duration=[00:00:00.6030345] Completed item: 9828 on thread 11
[Trace]  : [31/05/2015 13:11:23][Trace]   Duration=[00:00:00] Processing item: 15317 on thread 11
[Trace]  : [31/05/2015 13:11:24][Trace]   Duration=[00:00:00.5340306] Completed item: 3779 on thread 11


