Log Messages
Product  : PlanetaryResourceManager
Timestamp: 2015-05-31 13:26:54

Trace Messages  [Count = 68]
============================
[Trace]  : [31/05/2015 13:26:57][Trace]   Processed item: 44 on thread 13
[Trace]  : [31/05/2015 13:26:57][Trace]   Duration=[00:00:00.3650209] Processed item: 2312 on thread 13
[Trace]  : [31/05/2015 13:26:58][Trace]   Duration=[00:00:00.3810218] Processed item: 2317 on thread 13
[Trace]  : [31/05/2015 13:26:58][Trace]   Duration=[00:00:00.5340306] Processed item: 2319 on thread 13
[Trace]  : [31/05/2015 13:26:59][Trace]   Duration=[00:00:01.1890680] Processed item: 2321 on thread 13
[Trace]  : [31/05/2015 13:27:00][Trace]   Duration=[00:00:00.5230299] Processed item: 2327 on thread 13
[Trace]  : [31/05/2015 13:27:00][Trace]   Duration=[00:00:00.5410309] Processed item: 2328 on thread 13
[Trace]  : [31/05/2015 13:27:02][Trace]   Duration=[00:00:01.7450998] Processed item: 2329 on thread 13
[Trace]  : [31/05/2015 13:27:03][Trace]   Duration=[00:00:00.8760502] Processed item: 2463 on thread 13
[Trace]  : [31/05/2015 13:27:04][Trace]   Duration=[00:00:01.1150637] Processed item: 3689 on thread 13
[Trace]  : [31/05/2015 13:27:05][Trace]   Duration=[00:00:00.5370307] Processed item: 3691 on thread 13
[Trace]  : [31/05/2015 13:27:06][Trace]   Duration=[00:00:01.7460999] Processed item: 3693 on thread 13
[Trace]  : [31/05/2015 13:27:07][Trace]   Duration=[00:00:00.5280302] Processed item: 3695 on thread 13
[Trace]  : [31/05/2015 13:27:07][Trace]   Duration=[00:00:00.1840105] Processed item: 3697 on thread 13
[Trace]  : [31/05/2015 13:27:07][Trace]   Duration=[00:00:00.4000229] Processed item: 3725 on thread 13
[Trace]  : [31/05/2015 13:27:08][Trace]   Duration=[00:00:00.3710212] Processed item: 3775 on thread 13
[Trace]  : [31/05/2015 13:27:09][Trace]   Duration=[00:00:00.9510544] Processed item: 3828 on thread 13
[Trace]  : [31/05/2015 13:27:10][Trace]   Duration=[00:00:00.6990400] Processed item: 9830 on thread 13
[Trace]  : [31/05/2015 13:27:12][Trace]   Duration=[00:00:02.0261159] Processed item: 9832 on thread 13
[Trace]  : [31/05/2015 13:27:12][Trace]   Duration=[00:00:00.7380422] Processed item: 9836 on thread 13
[Trace]  : [31/05/2015 13:27:13][Trace]   Duration=[00:00:01.0570605] Processed item: 9838 on thread 13
[Trace]  : [31/05/2015 13:27:15][Trace]   Duration=[00:00:01.4070805] Processed item: 9840 on thread 13
[Trace]  : [31/05/2015 13:27:16][Trace]   Duration=[00:00:01.7280988] Processed item: 9842 on thread 13
[Trace]  : [31/05/2015 13:27:17][Trace]   Duration=[00:00:00.5270302] Processed item: 15317 on thread 13
[Trace]  : [31/05/2015 13:27:18][Trace]   Duration=[00:00:00.5320304] Processed item: 2344 on thread 13
[Trace]  : [31/05/2015 13:27:18][Trace]   Duration=[00:00:00.1930110] Processed item: 2345 on thread 13
[Trace]  : [31/05/2015 13:27:18][Trace]   Duration=[00:00:00.3610207] Processed item: 2346 on thread 13
[Trace]  : [31/05/2015 13:27:20][Trace]   Duration=[00:00:01.7110978] Processed item: 2348 on thread 13
[Trace]  : [31/05/2015 13:27:20][Trace]   Duration=[00:00:00.5250301] Processed item: 2349 on thread 13
[Trace]  : [31/05/2015 13:27:21][Trace]   Duration=[00:00:00.5200297] Processed item: 2351 on thread 13
[Trace]  : [31/05/2015 13:27:21][Trace]   Duration=[00:00:00.3520202] Processed item: 2352 on thread 13
[Trace]  : [31/05/2015 13:27:21][Trace]   Duration=[00:00:00.1810103] Processed item: 2354 on thread 13
[Trace]  : [31/05/2015 13:27:22][Trace]   Duration=[00:00:00.1850106] Processed item: 2358 on thread 13
[Trace]  : [31/05/2015 13:27:22][Trace]   Duration=[00:00:00.1870107] Processed item: 2360 on thread 13
[Trace]  : [31/05/2015 13:27:22][Trace]   Duration=[00:00:00.3600206] Processed item: 2361 on thread 13
[Trace]  : [31/05/2015 13:27:22][Trace]   Duration=[00:00:00.1860106] Processed item: 2366 on thread 13
[Trace]  : [31/05/2015 13:27:23][Trace]   Duration=[00:00:00.3670210] Processed item: 2367 on thread 13
[Trace]  : [31/05/2015 13:27:23][Trace]   Duration=[00:00:00.7200412] Processed item: 9834 on thread 13
[Trace]  : [31/05/2015 13:27:24][Trace]   Duration=[00:00:01.0230585] Processed item: 9846 on thread 13
[Trace]  : [31/05/2015 13:27:26][Trace]   Duration=[00:00:01.8011030] Processed item: 9848 on thread 13
[Trace]  : [31/05/2015 13:27:27][Trace]   Duration=[00:00:00.5410310] Processed item: 12836 on thread 13
[Trace]  : [31/05/2015 13:27:28][Trace]   Duration=[00:00:01.5330877] Processed item: 17136 on thread 13
[Trace]  : [31/05/2015 13:27:29][Trace]   Duration=[00:00:00.5280302] Processed item: 17392 on thread 13
[Trace]  : [31/05/2015 13:27:29][Trace]   Duration=[00:00:00.3550203] Processed item: 17898 on thread 13
[Trace]  : [31/05/2015 13:27:29][Trace]   Duration=[00:00:00.1890108] Processed item: 28974 on thread 13
[Trace]  : [31/05/2015 13:27:30][Trace]   Duration=[00:00:00.3760215] Processed item: 2867 on thread 13
[Trace]  : [31/05/2015 13:27:30][Trace]   Duration=[00:00:00.3660209] Processed item: 2868 on thread 13
[Trace]  : [31/05/2015 13:27:31][Trace]   Duration=[00:00:00.5330305] Processed item: 2869 on thread 13
[Trace]  : [31/05/2015 13:27:32][Trace]   Duration=[00:00:01.7481000] Processed item: 2870 on thread 13
[Trace]  : [31/05/2015 13:27:33][Trace]   Duration=[00:00:00.5320304] Processed item: 2871 on thread 13
[Trace]  : [31/05/2015 13:27:34][Trace]   Duration=[00:00:00.8690497] Processed item: 2872 on thread 13
[Trace]  : [31/05/2015 13:27:34][Trace]   Duration=[00:00:00.6940397] Processed item: 2875 on thread 13
[Trace]  : [31/05/2015 13:27:35][Trace]   Duration=[00:00:00.7110407] Processed item: 2876 on thread 13
[Trace]  : [31/05/2015 13:27:36][Trace]   Duration=[00:00:00.7200412] Processed item: 2389 on thread 13
[Trace]  : [31/05/2015 13:27:37][Trace]   Duration=[00:00:00.7360421] Processed item: 2390 on thread 13
[Trace]  : [31/05/2015 13:27:37][Trace]   Duration=[00:00:00.8780502] Processed item: 2392 on thread 13
[Trace]  : [31/05/2015 13:27:38][Trace]   Duration=[00:00:00.7170410] Processed item: 2393 on thread 13
[Trace]  : [31/05/2015 13:27:39][Trace]   Duration=[00:00:00.3820219] Processed item: 2395 on thread 13
[Trace]  : [31/05/2015 13:27:39][Trace]   Duration=[00:00:00.5470312] Processed item: 2396 on thread 13
[Trace]  : [31/05/2015 13:27:41][Trace]   Duration=[00:00:01.8851079] Processed item: 2397 on thread 13
[Trace]  : [31/05/2015 13:27:42][Trace]   Duration=[00:00:00.8920510] Processed item: 2398 on thread 13
[Trace]  : [31/05/2015 13:27:43][Trace]   Duration=[00:00:00.7410424] Processed item: 2399 on thread 13
[Trace]  : [31/05/2015 13:27:44][Trace]   Duration=[00:00:01.8251044] Processed item: 2400 on thread 13
[Trace]  : [31/05/2015 13:27:47][Trace]   Duration=[00:00:02.2271274] Processed item: 2401 on thread 13
[Trace]  : [31/05/2015 13:27:48][Trace]   Duration=[00:00:01.0910624] Processed item: 3645 on thread 13
[Trace]  : [31/05/2015 13:27:49][Trace]   Duration=[00:00:01.4580834] Processed item: 3683 on thread 13
[Trace]  : [31/05/2015 13:27:50][Trace]   Duration=[00:00:00.5310303] Processed item: 3779 on thread 13
[Trace]  : [31/05/2015 13:27:52][Trace]   Duration=[00:00:02.2131266] Processed item: 9828 on thread 13


