Log Messages
Product  : PlanetaryResourceManager
Timestamp: 2015-05-31 12:59:47

Trace Messages  [Count = 48]
============================
[Trace]  : [31/05/2015 12:59:47][Trace]   Processing item: 2321 on thread 20
[Trace]  : [31/05/2015 12:59:47][Trace]   Duration=[00:00:00.0010001] Processing item: 15317 on thread 14
[Trace]  : [31/05/2015 12:59:47][Trace]   Duration=[00:00:00] Processing item: 2463 on thread 23
[Trace]  : [31/05/2015 12:59:47][Trace]   Duration=[00:00:00] Processing item: 2328 on thread 17
[Trace]  : [31/05/2015 12:59:47][Trace]   Duration=[00:00:00] Processing item: 3689 on thread 16
[Trace]  : [31/05/2015 12:59:47][Trace]   Duration=[00:00:00] Processing item: 3691 on thread 18
[Trace]  : [31/05/2015 12:59:47][Trace]   Duration=[00:00:00.0010000] Processing item: 2329 on thread 15
[Trace]  : [31/05/2015 12:59:47][Trace]   Duration=[00:00:00] Processing item: 2327 on thread 19
[Trace]  : [31/05/2015 12:59:47][Trace]   Duration=[00:00:00.0010001] Processing item: 2319 on thread 21
[Trace]  : [31/05/2015 12:59:47][Trace]   Duration=[00:00:00] Processing item: 44 on thread 12
[Trace]  : [31/05/2015 12:59:47][Trace]   Duration=[00:00:00] Processing item: 2317 on thread 22
[Trace]  : [31/05/2015 12:59:47][Trace]   Duration=[00:00:00.0020001] Processing item: 2312 on thread 3
[Trace]  : [31/05/2015 12:59:48][Trace]   Duration=[00:00:00.9930568] Processing item: 3693 on thread 25
[Trace]  : [31/05/2015 12:59:49][Trace]   Duration=[00:00:00.5320304] Processing item: 3695 on thread 26
[Trace]  : [31/05/2015 12:59:49][Trace]   Duration=[00:00:00.3940226] Completed item: 3779 on thread 14
[Trace]  : [31/05/2015 12:59:49][Trace]   Duration=[00:00:00] Processing item: 9842 on thread 14
[Trace]  : [31/05/2015 12:59:50][Trace]   Duration=[00:00:00.1660095] Completed item: 2397 on thread 20
[Trace]  : [31/05/2015 12:59:50][Trace]   Duration=[00:00:00] Processing item: 3697 on thread 20
[Trace]  : [31/05/2015 12:59:50][Trace]   Duration=[00:00:00.0010000] Completed item: 3645 on thread 21
[Trace]  : [31/05/2015 12:59:50][Trace]   Duration=[00:00:00] Processing item: 3725 on thread 21
[Trace]  : [31/05/2015 12:59:50][Trace]   Duration=[00:00:00.0370022] Completed item: 3645 on thread 17
[Trace]  : [31/05/2015 12:59:50][Trace]   Duration=[00:00:00] Processing item: 3775 on thread 17
[Trace]  : [31/05/2015 12:59:50][Trace]   Duration=[00:00:00.1250071] Completed item: 2399 on thread 15
[Trace]  : [31/05/2015 12:59:50][Trace]   Duration=[00:00:00] Processing item: 3828 on thread 15
[Trace]  : [31/05/2015 12:59:50][Trace]   Duration=[00:00:00.0010001] Completed item: 2400 on thread 12
[Trace]  : [31/05/2015 12:59:50][Trace]   Duration=[00:00:00] Processing item: 9830 on thread 12
[Trace]  : [31/05/2015 12:59:50][Trace]   Duration=[00:00:00.0320018] Completed item: 3683 on thread 18
[Trace]  : [31/05/2015 12:59:50][Trace]   Duration=[00:00:00] Processing item: 9832 on thread 18
[Trace]  : [31/05/2015 12:59:50][Trace]   Duration=[00:00:00.0070004] Completed item: 9828 on thread 19
[Trace]  : [31/05/2015 12:59:50][Trace]   Duration=[00:00:00] Processing item: 9836 on thread 19
[Trace]  : [31/05/2015 12:59:50][Trace]   Duration=[00:00:00.0040002] Completed item: 3683 on thread 22
[Trace]  : [31/05/2015 12:59:50][Trace]   Duration=[00:00:00] Processing item: 9838 on thread 22
[Trace]  : [31/05/2015 12:59:50][Trace]   Duration=[00:00:00.0010001] Completed item: 2398 on thread 23
[Trace]  : [31/05/2015 12:59:50][Trace]   Duration=[00:00:00] Processing item: 9840 on thread 23
[Trace]  : [31/05/2015 12:59:50][Trace]   Duration=[00:00:00.1210069] Completed item: 2399 on thread 16
[Trace]  : [31/05/2015 12:59:50][Trace]   Duration=[00:00:00.0420024] Completed item: 3779 on thread 3
[Trace]  : [31/05/2015 12:59:50][Trace]   Duration=[00:00:00.3230185] Completed item: 2395 on thread 25
[Trace]  : [31/05/2015 12:59:50][Trace]   Duration=[00:00:00.2190125] Completed item: 3779 on thread 17
[Trace]  : [31/05/2015 12:59:50][Trace]   Duration=[00:00:00.0120007] Completed item: 3645 on thread 18
[Trace]  : [31/05/2015 12:59:50][Trace]   Duration=[00:00:00.0040002] Completed item: 2401 on thread 19
[Trace]  : [31/05/2015 12:59:51][Trace]   Duration=[00:00:00.1300075] Completed item: 2397 on thread 26
[Trace]  : [31/05/2015 12:59:51][Trace]   Duration=[00:00:00.0240013] Completed item: 3645 on thread 22
[Trace]  : [31/05/2015 12:59:51][Trace]   Duration=[00:00:00.0080005] Completed item: 2401 on thread 23
[Trace]  : [31/05/2015 12:59:51][Trace]   Duration=[00:00:00.3190182] Completed item: 9828 on thread 20
[Trace]  : [31/05/2015 12:59:51][Trace]   Duration=[00:00:00.0260015] Completed item: 9828 on thread 14
[Trace]  : [31/05/2015 12:59:51][Trace]   Duration=[00:00:00.1220070] Completed item: 2396 on thread 21
[Trace]  : [31/05/2015 12:59:51][Trace]   Duration=[00:00:00.0240014] Completed item: 2400 on thread 15
[Trace]  : [31/05/2015 12:59:51][Trace]   Duration=[00:00:00.0370021] Completed item: 2390 on thread 12


