Log Messages
Product  : PlanetaryResourceManager
Timestamp: 2015-05-31 13:42:30

Trace Messages  [Count = 68]
============================
[Trace]  : [31/05/2015 13:42:32][Trace]   Processed item: 2389 on thread 15
[Trace]  : [31/05/2015 13:42:33][Trace]   Duration=[00:00:00.5720327] Processed item: 2867 on thread 13
[Trace]  : [31/05/2015 13:42:33][Trace]   Duration=[00:00:00.7110407] Processed item: 2390 on thread 15
[Trace]  : [31/05/2015 13:42:33][Trace]   Duration=[00:00:00.0990056] Processed item: 44 on thread 14
[Trace]  : [31/05/2015 13:42:34][Trace]   Duration=[00:00:00.3730214] Processed item: 2868 on thread 13
[Trace]  : [31/05/2015 13:42:34][Trace]   Duration=[00:00:00.1410080] Processed item: 2344 on thread 12
[Trace]  : [31/05/2015 13:42:35][Trace]   Duration=[00:00:00.6800389] Processed item: 2312 on thread 14
[Trace]  : [31/05/2015 13:42:35][Trace]   Duration=[00:00:00.1680096] Processed item: 2345 on thread 12
[Trace]  : [31/05/2015 13:42:35][Trace]   Duration=[00:00:00.0560032] Processed item: 2392 on thread 15
[Trace]  : [31/05/2015 13:42:36][Trace]   Duration=[00:00:00.8510487] Processed item: 2317 on thread 14
[Trace]  : [31/05/2015 13:42:36][Trace]   Duration=[00:00:00.1280073] Processed item: 2869 on thread 13
[Trace]  : [31/05/2015 13:42:36][Trace]   Duration=[00:00:00.3550203] Processed item: 2346 on thread 12
[Trace]  : [31/05/2015 13:42:37][Trace]   Duration=[00:00:00.5260301] Processed item: 2319 on thread 14
[Trace]  : [31/05/2015 13:42:37][Trace]   Duration=[00:00:00.1420081] Processed item: 2393 on thread 15
[Trace]  : [31/05/2015 13:42:37][Trace]   Duration=[00:00:00.2090120] Processed item: 2348 on thread 12
[Trace]  : [31/05/2015 13:42:37][Trace]   Duration=[00:00:00.1690097] Processed item: 2321 on thread 14
[Trace]  : [31/05/2015 13:42:37][Trace]   Duration=[00:00:00.1990113] Processed item: 2349 on thread 12
[Trace]  : [31/05/2015 13:42:38][Trace]   Duration=[00:00:00.1670096] Processed item: 2327 on thread 14
[Trace]  : [31/05/2015 13:42:38][Trace]   Duration=[00:00:00.0940054] Processed item: 2870 on thread 13
[Trace]  : [31/05/2015 13:42:38][Trace]   Duration=[00:00:00.0640036] Processed item: 2351 on thread 12
[Trace]  : [31/05/2015 13:42:38][Trace]   Duration=[00:00:00.3300189] Processed item: 2352 on thread 12
[Trace]  : [31/05/2015 13:42:38][Trace]   Duration=[00:00:00.0010001] Processed item: 2328 on thread 14
[Trace]  : [31/05/2015 13:42:38][Trace]   Duration=[00:00:00.3180182] Processed item: 2395 on thread 15
[Trace]  : [31/05/2015 13:42:39][Trace]   Duration=[00:00:00.3280187] Processed item: 2871 on thread 13
[Trace]  : [31/05/2015 13:42:39][Trace]   Duration=[00:00:00.2260129] Processed item: 2354 on thread 12
[Trace]  : [31/05/2015 13:42:39][Trace]   Duration=[00:00:00.2860164] Processed item: 2396 on thread 15
[Trace]  : [31/05/2015 13:42:39][Trace]   Duration=[00:00:00.3310189] Processed item: 2872 on thread 13
[Trace]  : [31/05/2015 13:42:40][Trace]   Duration=[00:00:00.0820047] Processed item: 2329 on thread 14
[Trace]  : [31/05/2015 13:42:40][Trace]   Duration=[00:00:00.1700098] Processed item: 2397 on thread 15
[Trace]  : [31/05/2015 13:42:40][Trace]   Duration=[00:00:00.0010000] Processed item: 2358 on thread 12
[Trace]  : [31/05/2015 13:42:40][Trace]   Duration=[00:00:00.1700097] Processed item: 2875 on thread 13
[Trace]  : [31/05/2015 13:42:40][Trace]   Duration=[00:00:00.3520202] Processed item: 2463 on thread 14
[Trace]  : [31/05/2015 13:42:40][Trace]   Duration=[00:00:00.0410023] Processed item: 2398 on thread 15
[Trace]  : [31/05/2015 13:42:40][Trace]   Duration=[00:00:00.1540088] Processed item: 2360 on thread 12
[Trace]  : [31/05/2015 13:42:40][Trace]   Duration=[00:00:00.0120007] Processed item: 2876 on thread 13
[Trace]  : [31/05/2015 13:42:41][Trace]   Duration=[00:00:00.4730271] Processed item: 2399 on thread 15
[Trace]  : [31/05/2015 13:42:43][Trace]   Duration=[00:00:02.0621179] Processed item: 3689 on thread 14
[Trace]  : [31/05/2015 13:42:43][Trace]   Duration=[00:00:00.1620093] Processed item: 2361 on thread 12
[Trace]  : [31/05/2015 13:42:44][Trace]   Duration=[00:00:00.3580205] Processed item: 2366 on thread 12
[Trace]  : [31/05/2015 13:42:44][Trace]   Duration=[00:00:00.3970227] Processed item: 2400 on thread 15
[Trace]  : [31/05/2015 13:42:44][Trace]   Duration=[00:00:00.3690211] Processed item: 3691 on thread 14
[Trace]  : [31/05/2015 13:42:45][Trace]   Duration=[00:00:00.4860278] Processed item: 2401 on thread 15
[Trace]  : [31/05/2015 13:42:45][Trace]   Duration=[00:00:00.1740099] Processed item: 3693 on thread 14
[Trace]  : [31/05/2015 13:42:46][Trace]   Duration=[00:00:00.5810333] Processed item: 3645 on thread 15
[Trace]  : [31/05/2015 13:42:46][Trace]   Duration=[00:00:00.0530030] Processed item: 2367 on thread 12
[Trace]  : [31/05/2015 13:42:46][Trace]   Duration=[00:00:00.3560203] Processed item: 3695 on thread 14
[Trace]  : [31/05/2015 13:42:47][Trace]   Duration=[00:00:00.8810504] Processed item: 9834 on thread 12
[Trace]  : [31/05/2015 13:42:47][Trace]   Duration=[00:00:00.0020002] Processed item: 3683 on thread 15
[Trace]  : [31/05/2015 13:42:47][Trace]   Duration=[00:00:00.1260072] Processed item: 3697 on thread 14
[Trace]  : [31/05/2015 13:42:47][Trace]   Duration=[00:00:00.2300131] Processed item: 9846 on thread 12
[Trace]  : [31/05/2015 13:42:47][Trace]   Duration=[00:00:00.1920110] Processed item: 3779 on thread 15
[Trace]  : [31/05/2015 13:42:48][Trace]   Duration=[00:00:00.2530145] Processed item: 3725 on thread 14
[Trace]  : [31/05/2015 13:42:48][Trace]   Duration=[00:00:00.6000343] Processed item: 9828 on thread 15
[Trace]  : [31/05/2015 13:42:48][Trace]   Duration=[00:00:00.2450140] Processed item: 3775 on thread 14
[Trace]  : [31/05/2015 13:42:49][Trace]   Duration=[00:00:00.3890223] Processed item: 9848 on thread 12
[Trace]  : [31/05/2015 13:42:49][Trace]   Duration=[00:00:00.3680210] Processed item: 12836 on thread 12
[Trace]  : [31/05/2015 13:42:49][Trace]   Duration=[00:00:00.1460084] Processed item: 3828 on thread 14
[Trace]  : [31/05/2015 13:42:50][Trace]   Duration=[00:00:00.3810218] Processed item: 17136 on thread 12
[Trace]  : [31/05/2015 13:42:50][Trace]   Duration=[00:00:00.1660094] Processed item: 9830 on thread 14
[Trace]  : [31/05/2015 13:42:50][Trace]   Duration=[00:00:00.3700212] Processed item: 17392 on thread 12
[Trace]  : [31/05/2015 13:42:51][Trace]   Duration=[00:00:00.3680211] Processed item: 17898 on thread 12
[Trace]  : [31/05/2015 13:42:52][Trace]   Duration=[00:00:01.0250586] Processed item: 28974 on thread 12
[Trace]  : [31/05/2015 13:42:53][Trace]   Duration=[00:00:01.2220699] Processed item: 9832 on thread 14
[Trace]  : [31/05/2015 13:42:55][Trace]   Duration=[00:00:02.4441398] Processed item: 9836 on thread 14
[Trace]  : [31/05/2015 13:42:56][Trace]   Duration=[00:00:00.5450312] Processed item: 9838 on thread 14
[Trace]  : [31/05/2015 13:42:56][Trace]   Duration=[00:00:00.5500314] Processed item: 9840 on thread 14
[Trace]  : [31/05/2015 13:42:58][Trace]   Duration=[00:00:01.1230643] Processed item: 9842 on thread 14
[Trace]  : [31/05/2015 13:42:58][Trace]   Duration=[00:00:00.3560203] Processed item: 15317 on thread 14


