Log Messages
Product  : PlanetaryResourceManager
Timestamp: 2015-05-31 13:34:24

Trace Messages  [Count = 68]
============================
[Trace]  : [31/05/2015 13:34:25][Trace]   Processed item: 2319 on thread 31
[Trace]  : [31/05/2015 13:34:25][Trace]   Duration=[00:00:00.3440197] Processed item: 2312 on thread 30
[Trace]  : [31/05/2015 13:34:25][Trace]   Duration=[00:00:00.0420024] Processed item: 44 on thread 29
[Trace]  : [31/05/2015 13:34:25][Trace]   Duration=[00:00:00.1150066] Processed item: 2321 on thread 36
[Trace]  : [31/05/2015 13:34:25][Trace]   Duration=[00:00:00.0280016] Processed item: 2327 on thread 32
[Trace]  : [31/05/2015 13:34:25][Trace]   Duration=[00:00:00.0140008] Processed item: 2328 on thread 37
[Trace]  : [31/05/2015 13:34:26][Trace]   Duration=[00:00:00.1770101] Processed item: 2329 on thread 39
[Trace]  : [31/05/2015 13:34:26][Trace]   Duration=[00:00:00.1340077] Processed item: 2463 on thread 38
[Trace]  : [31/05/2015 13:34:26][Trace]   Duration=[00:00:00.0270015] Processed item: 3691 on thread 35
[Trace]  : [31/05/2015 13:34:26][Trace]   Duration=[00:00:00.3090177] Processed item: 2317 on thread 34
[Trace]  : [31/05/2015 13:34:26][Trace]   Duration=[00:00:00.2150123] Processed item: 3689 on thread 33
[Trace]  : [31/05/2015 13:34:26][Trace]   Duration=[00:00:00.1050060] Processed item: 3697 on thread 31
[Trace]  : [31/05/2015 13:34:26][Trace]   Duration=[00:00:00.0040002] Processed item: 3693 on thread 40
[Trace]  : [31/05/2015 13:34:27][Trace]   Duration=[00:00:00.2120122] Processed item: 3725 on thread 30
[Trace]  : [31/05/2015 13:34:27][Trace]   Duration=[00:00:00.5330305] Processed item: 9828 on thread 3
[Trace]  : [31/05/2015 13:34:28][Trace]   Duration=[00:00:00.4890279] Processed item: 3695 on thread 41
[Trace]  : [31/05/2015 13:34:28][Trace]   Duration=[00:00:00.3240186] Processed item: 3828 on thread 36
[Trace]  : [31/05/2015 13:34:28][Trace]   Duration=[00:00:00.0070004] Processed item: 3775 on thread 29
[Trace]  : [31/05/2015 13:34:29][Trace]   Duration=[00:00:01.5210870] Processed item: 9830 on thread 32
[Trace]  : [31/05/2015 13:34:30][Trace]   Duration=[00:00:00.8540488] Processed item: 9838 on thread 38
[Trace]  : [31/05/2015 13:34:31][Trace]   Duration=[00:00:00.7070405] Processed item: 9842 on thread 34
[Trace]  : [31/05/2015 13:34:31][Trace]   Duration=[00:00:00.1130064] Processed item: 9832 on thread 37
[Trace]  : [31/05/2015 13:34:31][Trace]   Duration=[00:00:00.0120007] Processed item: 2344 on thread 31
[Trace]  : [31/05/2015 13:34:31][Trace]   Duration=[00:00:00.0640037] Processed item: 2345 on thread 40
[Trace]  : [31/05/2015 13:34:31][Trace]   Duration=[00:00:00.2620149] Processed item: 2346 on thread 30
[Trace]  : [31/05/2015 13:34:31][Trace]   Duration=[00:00:00.0610035] Processed item: 2349 on thread 36
[Trace]  : [31/05/2015 13:34:32][Trace]   Duration=[00:00:00.1390080] Processed item: 2352 on thread 28
[Trace]  : [31/05/2015 13:34:32][Trace]   Duration=[00:00:00.0260015] Processed item: 2358 on thread 32
[Trace]  : [31/05/2015 13:34:32][Trace]   Duration=[00:00:00.0990056] Processed item: 9836 on thread 39
[Trace]  : [31/05/2015 13:34:32][Trace]   Duration=[00:00:00.0400023] Processed item: 2360 on thread 26
[Trace]  : [31/05/2015 13:34:32][Trace]   Duration=[00:00:00.1230071] Processed item: 9840 on thread 35
[Trace]  : [31/05/2015 13:34:32][Trace]   Duration=[00:00:00.0790045] Processed item: 2366 on thread 34
[Trace]  : [31/05/2015 13:34:32][Trace]   Duration=[00:00:00.0010000] Processed item: 2361 on thread 38
[Trace]  : [31/05/2015 13:34:32][Trace]   Duration=[00:00:00.1800103] Processed item: 9834 on thread 31
[Trace]  : [31/05/2015 13:34:32][Trace]   Duration=[00:00:00.0480028] Processed item: 15317 on thread 33
[Trace]  : [31/05/2015 13:34:32][Trace]   Duration=[00:00:00.1120064] Processed item: 9846 on thread 40
[Trace]  : [31/05/2015 13:34:33][Trace]   Duration=[00:00:00.2520144] Processed item: 3779 on thread 3
[Trace]  : [31/05/2015 13:34:33][Trace]   Duration=[00:00:00.3330190] Processed item: 2348 on thread 41
[Trace]  : [31/05/2015 13:34:33][Trace]   Duration=[00:00:00.1640094] Processed item: 2351 on thread 29
[Trace]  : [31/05/2015 13:34:33][Trace]   Duration=[00:00:00.1620093] Processed item: 2354 on thread 27
[Trace]  : [31/05/2015 13:34:33][Trace]   Duration=[00:00:00.1030059] Processed item: 9848 on thread 30
[Trace]  : [31/05/2015 13:34:33][Trace]   Duration=[00:00:00.0690039] Processed item: 2367 on thread 37
[Trace]  : [31/05/2015 13:34:33][Trace]   Duration=[00:00:00.0680039] Processed item: 12836 on thread 36
[Trace]  : [31/05/2015 13:34:34][Trace]   Duration=[00:00:00.0950055] Processed item: 17898 on thread 39
[Trace]  : [31/05/2015 13:34:34][Trace]   Duration=[00:00:00.0840048] Processed item: 17136 on thread 28
[Trace]  : [31/05/2015 13:34:34][Trace]   Duration=[00:00:00.1670095] Processed item: 17392 on thread 32
[Trace]  : [31/05/2015 13:34:34][Trace]   Duration=[00:00:00.0110006] Processed item: 2867 on thread 35
[Trace]  : [31/05/2015 13:34:34][Trace]   Duration=[00:00:00.1120065] Processed item: 28974 on thread 26
[Trace]  : [31/05/2015 13:34:34][Trace]   Duration=[00:00:00.1770101] Processed item: 2868 on thread 34
[Trace]  : [31/05/2015 13:34:34][Trace]   Duration=[00:00:00.0620035] Processed item: 2869 on thread 38
[Trace]  : [31/05/2015 13:34:34][Trace]   Duration=[00:00:00.0860049] Processed item: 2871 on thread 33
[Trace]  : [31/05/2015 13:34:34][Trace]   Duration=[00:00:00.0890051] Processed item: 2870 on thread 31
[Trace]  : [31/05/2015 13:34:34][Trace]   Duration=[00:00:00.1310075] Processed item: 2872 on thread 40
[Trace]  : [31/05/2015 13:34:35][Trace]   Duration=[00:00:00.3710212] Processed item: 2390 on thread 30
[Trace]  : [31/05/2015 13:34:35][Trace]   Duration=[00:00:00.1740100] Processed item: 2393 on thread 36
[Trace]  : [31/05/2015 13:34:35][Trace]   Duration=[00:00:00.4500257] Processed item: 2396 on thread 28
[Trace]  : [31/05/2015 13:34:36][Trace]   Duration=[00:00:00.9890566] Processed item: 2397 on thread 32
[Trace]  : [31/05/2015 13:34:37][Trace]   Duration=[00:00:00.5230299] Processed item: 3683 on thread 3
[Trace]  : [31/05/2015 13:34:37][Trace]   Duration=[00:00:00.3780216] Processed item: 2875 on thread 41
[Trace]  : [31/05/2015 13:34:38][Trace]   Duration=[00:00:00.9730557] Processed item: 2876 on thread 29
[Trace]  : [31/05/2015 13:34:39][Trace]   Duration=[00:00:00.8080462] Processed item: 2399 on thread 26
[Trace]  : [31/05/2015 13:34:39][Trace]   Duration=[00:00:00.2000115] Processed item: 2389 on thread 27
[Trace]  : [31/05/2015 13:34:40][Trace]   Duration=[00:00:00.6440368] Processed item: 2400 on thread 34
[Trace]  : [31/05/2015 13:34:40][Trace]   Duration=[00:00:00.4960284] Processed item: 2401 on thread 38
[Trace]  : [31/05/2015 13:34:41][Trace]   Duration=[00:00:00.5370307] Processed item: 2392 on thread 37
[Trace]  : [31/05/2015 13:34:42][Trace]   Duration=[00:00:01.1740671] Processed item: 2395 on thread 39
[Trace]  : [31/05/2015 13:34:44][Trace]   Duration=[00:00:01.5280874] Processed item: 2398 on thread 35
[Trace]  : [31/05/2015 13:34:45][Trace]   Duration=[00:00:01.6860965] Processed item: 3645 on thread 33


