Log Messages
Product  : PlanetaryResourceManager
Timestamp: 2015-05-31 15:01:01

Trace Messages  [Count = 48]
============================
[Trace]  : [31/05/2015 15:01:01][Trace]   Processing item: 2312 on thread 12
[Trace]  : [31/05/2015 15:01:01][Trace]   Duration=[00:00:00.0100006] Processing item: 2319 on thread 21
[Trace]  : [31/05/2015 15:01:01][Trace]   Duration=[00:00:00] Processing item: 15317 on thread 13
[Trace]  : [31/05/2015 15:01:01][Trace]   Duration=[00:00:00] Processing item: 2321 on thread 20
[Trace]  : [31/05/2015 15:01:01][Trace]   Duration=[00:00:00] Processing item: 2329 on thread 18
[Trace]  : [31/05/2015 15:01:01][Trace]   Duration=[00:00:00] Processing item: 44 on thread 14
[Trace]  : [31/05/2015 15:01:01][Trace]   Duration=[00:00:00.0010000] Processing item: 2463 on thread 19
[Trace]  : [31/05/2015 15:01:01][Trace]   Duration=[00:00:00.0010001] Processing item: 3689 on thread 23
[Trace]  : [31/05/2015 15:01:01][Trace]   Duration=[00:00:00] Processing item: 2317 on thread 15
[Trace]  : [31/05/2015 15:01:01][Trace]   Duration=[00:00:00.0020001] Processing item: 3691 on thread 17
[Trace]  : [31/05/2015 15:01:01][Trace]   Duration=[00:00:00] Processing item: 2328 on thread 22
[Trace]  : [31/05/2015 15:01:01][Trace]   Duration=[00:00:00] Processing item: 2327 on thread 16
[Trace]  : [31/05/2015 15:01:02][Trace]   Duration=[00:00:00.9340534] Processing item: 3693 on thread 25
[Trace]  : [31/05/2015 15:01:03][Trace]   Duration=[00:00:00.5330305] Processing item: 3695 on thread 26
[Trace]  : [31/05/2015 15:01:04][Trace]   Duration=[00:00:00.8610493] Completed item: 2399 on thread 18
[Trace]  : [31/05/2015 15:01:04][Trace]   Duration=[00:00:00.0010000] Completed item: 3645 on thread 22
[Trace]  : [31/05/2015 15:01:04][Trace]   Duration=[00:00:00] Processing item: 3697 on thread 18
[Trace]  : [31/05/2015 15:01:04][Trace]   Duration=[00:00:00] Processing item: 3725 on thread 22
[Trace]  : [31/05/2015 15:01:04][Trace]   Duration=[00:00:00.1390080] Completed item: 3683 on thread 17
[Trace]  : [31/05/2015 15:01:04][Trace]   Duration=[00:00:00] Processing item: 3775 on thread 17
[Trace]  : [31/05/2015 15:01:04][Trace]   Duration=[00:00:00.0080004] Completed item: 2397 on thread 20
[Trace]  : [31/05/2015 15:01:04][Trace]   Duration=[00:00:00] Processing item: 3828 on thread 20
[Trace]  : [31/05/2015 15:01:04][Trace]   Duration=[00:00:00.0150009] Completed item: 2398 on thread 19
[Trace]  : [31/05/2015 15:01:04][Trace]   Duration=[00:00:00] Processing item: 9830 on thread 19
[Trace]  : [31/05/2015 15:01:04][Trace]   Duration=[00:00:00.0050003] Completed item: 3645 on thread 21
[Trace]  : [31/05/2015 15:01:04][Trace]   Duration=[00:00:00] Processing item: 9832 on thread 21
[Trace]  : [31/05/2015 15:01:04][Trace]   Duration=[00:00:00.1410080] Completed item: 3779 on thread 12
[Trace]  : [31/05/2015 15:01:04][Trace]   Duration=[00:00:00] Processing item: 9836 on thread 12
[Trace]  : [31/05/2015 15:01:04][Trace]   Duration=[00:00:00.0070004] Completed item: 9828 on thread 16
[Trace]  : [31/05/2015 15:01:04][Trace]   Duration=[00:00:00] Processing item: 9838 on thread 16
[Trace]  : [31/05/2015 15:01:04][Trace]   Duration=[00:00:00.0020001] Completed item: 2399 on thread 23
[Trace]  : [31/05/2015 15:01:04][Trace]   Duration=[00:00:00] Processing item: 9840 on thread 23
[Trace]  : [31/05/2015 15:01:04][Trace]   Duration=[00:00:00.0020002] Completed item: 3683 on thread 15
[Trace]  : [31/05/2015 15:01:04][Trace]   Duration=[00:00:00] Processing item: 9842 on thread 15
[Trace]  : [31/05/2015 15:01:04][Trace]   Duration=[00:00:00.0110006] Completed item: 2400 on thread 14
[Trace]  : [31/05/2015 15:01:04][Trace]   Duration=[00:00:00.0240014] Completed item: 3779 on thread 13
[Trace]  : [31/05/2015 15:01:04][Trace]   Duration=[00:00:00.1270072] Completed item: 2395 on thread 25
[Trace]  : [31/05/2015 15:01:04][Trace]   Duration=[00:00:00.1900109] Completed item: 2397 on thread 26
[Trace]  : [31/05/2015 15:01:05][Trace]   Duration=[00:00:00.3130179] Completed item: 2400 on thread 20
[Trace]  : [31/05/2015 15:01:05][Trace]   Duration=[00:00:00.0210012] Completed item: 3779 on thread 17
[Trace]  : [31/05/2015 15:01:05][Trace]   Duration=[00:00:00.0370021] Completed item: 2390 on thread 19
[Trace]  : [31/05/2015 15:01:05][Trace]   Duration=[00:00:00.1190068] Completed item: 3645 on thread 16
[Trace]  : [31/05/2015 15:01:05][Trace]   Duration=[00:00:00.0490028] Completed item: 2401 on thread 23
[Trace]  : [31/05/2015 15:01:05][Trace]   Duration=[00:00:00.1730099] Completed item: 9828 on thread 18
[Trace]  : [31/05/2015 15:01:05][Trace]   Duration=[00:00:00.2040117] Completed item: 9828 on thread 15
[Trace]  : [31/05/2015 15:01:05][Trace]   Duration=[00:00:00.0250014] Completed item: 3645 on thread 21
[Trace]  : [31/05/2015 15:01:05][Trace]   Duration=[00:00:00.0620036] Completed item: 2396 on thread 22
[Trace]  : [31/05/2015 15:01:06][Trace]   Duration=[00:00:00.1670095] Completed item: 2401 on thread 12


