Log Messages
Product  : PlanetaryResourceManager
Timestamp: 2015-05-31 13:41:12

Trace Messages  [Count = 68]
============================
[Trace]  : [31/05/2015 13:41:13][Trace]   Processed item: 2319 on thread 21
[Trace]  : [31/05/2015 13:41:13][Trace]   Duration=[00:00:00.0040003] Processed item: 2346 on thread 18
[Trace]  : [31/05/2015 13:41:14][Trace]   Duration=[00:00:00.7060403] Processed item: 2317 on thread 19
[Trace]  : [31/05/2015 13:41:14][Trace]   Duration=[00:00:00.1640094] Processed item: 2389 on thread 17
[Trace]  : [31/05/2015 13:41:14][Trace]   Duration=[00:00:00.3210184] Processed item: 15317 on thread 12
[Trace]  : [31/05/2015 13:41:15][Trace]   Duration=[00:00:00.3910224] Processed item: 9828 on thread 13
[Trace]  : [31/05/2015 13:41:15][Trace]   Duration=[00:00:00.1500085] Processed item: 2321 on thread 25
[Trace]  : [31/05/2015 13:41:15][Trace]   Duration=[00:00:00.0070004] Processed item: 2312 on thread 23
[Trace]  : [31/05/2015 13:41:15][Trace]   Duration=[00:00:00.3330191] Processed item: 2327 on thread 21
[Trace]  : [31/05/2015 13:41:15][Trace]   Duration=[00:00:00.0130007] Processed item: 2345 on thread 20
[Trace]  : [31/05/2015 13:41:16][Trace]   Duration=[00:00:00.6930397] Processed item: 2344 on thread 22
[Trace]  : [31/05/2015 13:41:16][Trace]   Duration=[00:00:00.2080119] Processed item: 2390 on thread 18
[Trace]  : [31/05/2015 13:41:16][Trace]   Duration=[00:00:00.2920167] Processed item: 28974 on thread 16
[Trace]  : [31/05/2015 13:41:17][Trace]   Duration=[00:00:00.1930110] Processed item: 2329 on thread 17
[Trace]  : [31/05/2015 13:41:18][Trace]   Duration=[00:00:01.0470599] Processed item: 44 on thread 14
[Trace]  : [31/05/2015 13:41:18][Trace]   Duration=[00:00:00.3060175] Processed item: 2876 on thread 15
[Trace]  : [31/05/2015 13:41:18][Trace]   Duration=[00:00:00.1690097] Processed item: 2328 on thread 19
[Trace]  : [31/05/2015 13:41:18][Trace]   Duration=[00:00:00.0120006] Processed item: 9842 on thread 12
[Trace]  : [31/05/2015 13:41:18][Trace]   Duration=[00:00:00.1900109] Processed item: 2463 on thread 23
[Trace]  : [31/05/2015 13:41:19][Trace]   Duration=[00:00:00.1640094] Processed item: 3691 on thread 20
[Trace]  : [31/05/2015 13:41:19][Trace]   Duration=[00:00:00.1870107] Processed item: 3779 on thread 13
[Trace]  : [31/05/2015 13:41:19][Trace]   Duration=[00:00:00.0100006] Processed item: 17898 on thread 16
[Trace]  : [31/05/2015 13:41:19][Trace]   Duration=[00:00:00.0010000] Processed item: 3697 on thread 14
[Trace]  : [31/05/2015 13:41:19][Trace]   Duration=[00:00:00] Processed item: 2867 on thread 22
[Trace]  : [31/05/2015 13:41:19][Trace]   Duration=[00:00:00.4830276] Processed item: 2875 on thread 15
[Trace]  : [31/05/2015 13:41:19][Trace]   Duration=[00:00:00.0320019] Processed item: 3725 on thread 19
[Trace]  : [31/05/2015 13:41:20][Trace]   Duration=[00:00:00.3400194] Processed item: 2348 on thread 25
[Trace]  : [31/05/2015 13:41:20][Trace]   Duration=[00:00:00.1690097] Processed item: 3775 on thread 23
[Trace]  : [31/05/2015 13:41:21][Trace]   Duration=[00:00:01.2030688] Processed item: 3689 on thread 21
[Trace]  : [31/05/2015 13:41:21][Trace]   Duration=[00:00:00.1580090] Processed item: 3693 on thread 18
[Trace]  : [31/05/2015 13:41:21][Trace]   Duration=[00:00:00.1760101] Processed item: 3695 on thread 17
[Trace]  : [31/05/2015 13:41:21][Trace]   Duration=[00:00:00.1590091] Processed item: 3828 on thread 20
[Trace]  : [31/05/2015 13:41:21][Trace]   Duration=[00:00:00.0340020] Processed item: 2868 on thread 26
[Trace]  : [31/05/2015 13:41:22][Trace]   Duration=[00:00:00.3390193] Processed item: 9840 on thread 12
[Trace]  : [31/05/2015 13:41:22][Trace]   Duration=[00:00:00.1740100] Processed item: 2349 on thread 22
[Trace]  : [31/05/2015 13:41:22][Trace]   Duration=[00:00:00.1920110] Processed item: 2351 on thread 25
[Trace]  : [31/05/2015 13:41:23][Trace]   Duration=[00:00:00.4540259] Processed item: 3683 on thread 13
[Trace]  : [31/05/2015 13:41:23][Trace]   Duration=[00:00:00.1470085] Processed item: 17392 on thread 16
[Trace]  : [31/05/2015 13:41:23][Trace]   Duration=[00:00:00.0780044] Processed item: 2392 on thread 21
[Trace]  : [31/05/2015 13:41:23][Trace]   Duration=[00:00:00.2460141] Processed item: 9830 on thread 14
[Trace]  : [31/05/2015 13:41:23][Trace]   Duration=[00:00:00.2430139] Processed item: 2393 on thread 18
[Trace]  : [31/05/2015 13:41:23][Trace]   Duration=[00:00:00.0130007] Processed item: 2872 on thread 15
[Trace]  : [31/05/2015 13:41:24][Trace]   Duration=[00:00:00.3050175] Processed item: 2352 on thread 17
[Trace]  : [31/05/2015 13:41:24][Trace]   Duration=[00:00:00.5950340] Processed item: 2396 on thread 26
[Trace]  : [31/05/2015 13:41:25][Trace]   Duration=[00:00:00.4950283] Processed item: 2397 on thread 12
[Trace]  : [31/05/2015 13:41:25][Trace]   Duration=[00:00:00.2210127] Processed item: 9832 on thread 19
[Trace]  : [31/05/2015 13:41:25][Trace]   Duration=[00:00:00.1100063] Processed item: 2869 on thread 22
[Trace]  : [31/05/2015 13:41:25][Trace]   Duration=[00:00:00.3820218] Processed item: 2398 on thread 25
[Trace]  : [31/05/2015 13:41:26][Trace]   Duration=[00:00:00.3570204] Processed item: 2399 on thread 21
[Trace]  : [31/05/2015 13:41:26][Trace]   Duration=[00:00:00.0860049] Processed item: 9836 on thread 23
[Trace]  : [31/05/2015 13:41:26][Trace]   Duration=[00:00:00.2570147] Processed item: 2401 on thread 18
[Trace]  : [31/05/2015 13:41:26][Trace]   Duration=[00:00:00.1400081] Processed item: 2354 on thread 17
[Trace]  : [31/05/2015 13:41:26][Trace]   Duration=[00:00:00.1090062] Processed item: 9838 on thread 27
[Trace]  : [31/05/2015 13:41:26][Trace]   Duration=[00:00:00.0500029] Processed item: 2358 on thread 28
[Trace]  : [31/05/2015 13:41:27][Trace]   Duration=[00:00:00.1870106] Processed item: 2360 on thread 26
[Trace]  : [31/05/2015 13:41:27][Trace]   Duration=[00:00:00.3230185] Processed item: 2361 on thread 12
[Trace]  : [31/05/2015 13:41:27][Trace]   Duration=[00:00:00.0260015] Processed item: 2395 on thread 20
[Trace]  : [31/05/2015 13:41:27][Trace]   Duration=[00:00:00.3300189] Processed item: 2367 on thread 22
[Trace]  : [31/05/2015 13:41:28][Trace]   Duration=[00:00:00.8640494] Processed item: 9834 on thread 25
[Trace]  : [31/05/2015 13:41:29][Trace]   Duration=[00:00:00.3210184] Processed item: 9846 on thread 21
[Trace]  : [31/05/2015 13:41:29][Trace]   Duration=[00:00:00.0930053] Processed item: 3645 on thread 13
[Trace]  : [31/05/2015 13:41:29][Trace]   Duration=[00:00:00.3360192] Processed item: 17136 on thread 16
[Trace]  : [31/05/2015 13:41:29][Trace]   Duration=[00:00:00.1020058] Processed item: 2870 on thread 18
[Trace]  : [31/05/2015 13:41:29][Trace]   Duration=[00:00:00.1700098] Processed item: 12836 on thread 17
[Trace]  : [31/05/2015 13:41:30][Trace]   Duration=[00:00:00.6350363] Processed item: 2400 on thread 14
[Trace]  : [31/05/2015 13:41:30][Trace]   Duration=[00:00:00.2690154] Processed item: 2871 on thread 15
[Trace]  : [31/05/2015 13:41:30][Trace]   Duration=[00:00:00.1690096] Processed item: 2366 on thread 19
[Trace]  : [31/05/2015 13:41:31][Trace]   Duration=[00:00:01.2070691] Processed item: 9848 on thread 23


